2025-05-11 21:21:15 error: Error al conectar a la base de datos: Access denied for user 'usuario_galeria'@'localhost' (using password: YES)
2025-05-11 21:22:39 error: Error al conectar a la base de datos: Unknown database 'galeria_virtual'
2025-05-11 21:23:37 info: Conexión a la base de datos establecida correctamente
2025-05-11 21:23:37 info: Servidor escuchando en el puerto 3000
2025-05-11 21:23:37 info: Ambiente: development
2025-05-11 21:23:37 info: URL del servidor: http://localhost:3000
2025-05-11 21:24:29 error: Error al ejecutar procedimiento sp_obtener_detalle_obra: Cannot add or update a child row: a foreign key constraint fails (`galeria_virtual`.`visitas`, CONSTRAINT `visitas_ibfk_1` FOREIGN KEY (`id_obra`) REFERENCES `obras` (`id`))
2025-05-11 21:24:29 error: Error al obtener detalle de obra :id: Cannot add or update a child row: a foreign key constraint fails (`galeria_virtual`.`visitas`, CONSTRAINT `visitas_ibfk_1` FOREIGN KEY (`id_obra`) REFERENCES `obras` (`id`))
2025-05-11 21:24:29 error: Error 500: Cannot add or update a child row: a foreign key constraint fails (`galeria_virtual`.`visitas`, CONSTRAINT `visitas_ibfk_1` FOREIGN KEY (`id_obra`) REFERENCES `obras` (`id`))
2025-05-11 21:24:29 error: Error: Cannot add or update a child row: a foreign key constraint fails (`galeria_virtual`.`visitas`, CONSTRAINT `visitas_ibfk_1` FOREIGN KEY (`id_obra`) REFERENCES `obras` (`id`))
    at PromisePool.execute (/Users/santiserrano/Documents/GitHub/galeria-virual/galeria-virtual-backend/node_modules/mysql2/promise.js:359:22)
    at Object.procedure (/Users/santiserrano/Documents/GitHub/galeria-virual/galeria-virtual-backend/src/config/database.ts:53:31)
    at Object.obtenerDetalleObra (/Users/santiserrano/Documents/GitHub/galeria-virual/galeria-virtual-backend/src/services/obraService.ts:82:32)
    at getDetalleObra (/Users/santiserrano/Documents/GitHub/galeria-virual/galeria-virtual-backend/src/controllers/obraController.ts:70:36)
    at Layer.handle [as handle_request] (/Users/santiserrano/Documents/GitHub/galeria-virual/galeria-virtual-backend/node_modules/express/lib/router/layer.js:95:5)
    at next (/Users/santiserrano/Documents/GitHub/galeria-virual/galeria-virtual-backend/node_modules/express/lib/router/route.js:149:13)
    at Route.dispatch (/Users/santiserrano/Documents/GitHub/galeria-virual/galeria-virtual-backend/node_modules/express/lib/router/route.js:119:3)
    at Layer.handle [as handle_request] (/Users/santiserrano/Documents/GitHub/galeria-virual/galeria-virtual-backend/node_modules/express/lib/router/layer.js:95:5)
    at /Users/santiserrano/Documents/GitHub/galeria-virual/galeria-virtual-backend/node_modules/express/lib/router/index.js:284:15
    at param (/Users/santiserrano/Documents/GitHub/galeria-virual/galeria-virtual-backend/node_modules/express/lib/router/index.js:365:14)
2025-05-12 01:08:47 info: Conexión a la base de datos establecida correctamente
2025-05-12 01:08:47 info: Servidor escuchando en el puerto 3000
2025-05-12 01:08:47 info: Ambiente: development
2025-05-12 01:08:47 info: URL del servidor: http://localhost:3000
2025-05-12 01:53:25 info: Conexión a la base de datos establecida correctamente
2025-05-12 01:53:25 info: Servidor escuchando en el puerto 3000
2025-05-12 01:53:25 info: Ambiente: development
2025-05-12 01:53:25 info: URL del servidor: http://localhost:3000
2025-05-12 10:33:32 error: Error al conectar a la base de datos: Access denied for user ''@'localhost' (using password: NO) Access denied for user ''@'localhost' (using password: NO)
2025-05-12 10:34:49 error: Error al conectar a la base de datos: Access denied for user ''@'localhost' (using password: NO) Access denied for user ''@'localhost' (using password: NO)
2025-05-12 10:37:49 info: Conexión a la base de datos establecida correctamente
2025-05-12 10:37:49 info: Servidor escuchando en el puerto 3000
2025-05-12 10:37:49 info: Ambiente: development
2025-05-12 10:37:49 info: URL del servidor: http://localhost:3000
2025-05-12 10:42:01 info: Conexión a la base de datos establecida correctamente
2025-05-12 10:42:01 info: Servidor escuchando en el puerto 3000
2025-05-12 10:42:01 info: Ambiente: development
2025-05-12 10:42:01 info: URL del servidor: http://localhost:3000
2025-05-12 10:42:24 info: Conexión a la base de datos establecida correctamente
2025-05-12 10:42:24 info: Servidor escuchando en el puerto 3000
2025-05-12 10:42:24 info: Ambiente: development
2025-05-12 10:42:24 info: URL del servidor: http://localhost:3000
2025-05-12 10:46:23 info: Conexión a la base de datos establecida correctamente
2025-05-12 10:46:23 info: Servidor escuchando en el puerto 3000
2025-05-12 10:46:23 info: Ambiente: development
2025-05-12 10:46:23 info: URL del servidor: http://localhost:3000
2025-05-12 10:48:28 info: Conexión a la base de datos establecida correctamente
2025-05-12 10:48:28 info: Servidor escuchando en el puerto 3000
2025-05-12 10:48:28 info: Ambiente: development
2025-05-12 10:48:28 info: URL del servidor: http://localhost:3000
2025-05-12 11:19:12 info: Conexión a la base de datos establecida correctamente
2025-05-12 11:19:12 info: Servidor escuchando en el puerto 3000
2025-05-12 11:19:12 info: Ambiente: development
2025-05-12 11:19:12 info: URL del servidor: http://localhost:3000
2025-05-12 13:14:20 info: Conexión a la base de datos establecida correctamente
2025-05-12 13:14:20 info: Servidor escuchando en el puerto 3000
2025-05-12 13:14:20 info: Ambiente: development
2025-05-12 13:14:20 info: URL del servidor: http://localhost:3000
2025-05-12 14:09:53 error: Error al ejecutar consulta SQL: read EADDRNOTAVAIL
2025-05-12 14:09:53 error: Error al obtener artistas: read EADDRNOTAVAIL
2025-05-12 14:09:53 error: Error 500: read EADDRNOTAVAIL
2025-05-12 14:09:53 error: Error: read EADDRNOTAVAIL
    at PromisePool.execute (/Users/santiserrano/Documents/GitHub/galeria-virual/galeria-virtual-backend/node_modules/mysql2/promise.js:359:22)
    at Object.query (/Users/santiserrano/Documents/GitHub/galeria-virual/galeria-virtual-backend/src/config/database.ts:43:31)
    at Object.getArtistas (/Users/santiserrano/Documents/GitHub/galeria-virual/galeria-virtual-backend/src/services/artistaService.ts:9:21)
    at getArtistas (/Users/santiserrano/Documents/GitHub/galeria-virual/galeria-virtual-backend/src/controllers/artistaController.ts:9:43)
    at Layer.handle [as handle_request] (/Users/santiserrano/Documents/GitHub/galeria-virual/galeria-virtual-backend/node_modules/express/lib/router/layer.js:95:5)
    at next (/Users/santiserrano/Documents/GitHub/galeria-virual/galeria-virtual-backend/node_modules/express/lib/router/route.js:149:13)
    at Route.dispatch (/Users/santiserrano/Documents/GitHub/galeria-virual/galeria-virtual-backend/node_modules/express/lib/router/route.js:119:3)
    at Layer.handle [as handle_request] (/Users/santiserrano/Documents/GitHub/galeria-virual/galeria-virtual-backend/node_modules/express/lib/router/layer.js:95:5)
    at /Users/santiserrano/Documents/GitHub/galeria-virual/galeria-virtual-backend/node_modules/express/lib/router/index.js:284:15
    at Function.process_params (/Users/santiserrano/Documents/GitHub/galeria-virual/galeria-virtual-backend/node_modules/express/lib/router/index.js:346:12)
2025-05-12 14:09:53 error: Error al ejecutar consulta SQL: read EADDRNOTAVAIL
2025-05-12 14:09:53 error: Error al obtener obras destacadas: read EADDRNOTAVAIL
2025-05-12 14:09:53 error: Error 500: read EADDRNOTAVAIL
2025-05-12 14:09:53 error: Error: read EADDRNOTAVAIL
    at PromisePool.execute (/Users/santiserrano/Documents/GitHub/galeria-virual/galeria-virtual-backend/node_modules/mysql2/promise.js:359:22)
    at Object.query (/Users/santiserrano/Documents/GitHub/galeria-virual/galeria-virtual-backend/src/config/database.ts:43:31)
    at Object.obtenerObrasDestacadas (/Users/santiserrano/Documents/GitHub/galeria-virual/galeria-virtual-backend/src/services/obraService.ts:42:21)
    at getObrasDestacadas (/Users/santiserrano/Documents/GitHub/galeria-virual/galeria-virtual-backend/src/controllers/obraController.ts:21:37)
    at Layer.handle [as handle_request] (/Users/santiserrano/Documents/GitHub/galeria-virual/galeria-virtual-backend/node_modules/express/lib/router/layer.js:95:5)
    at next (/Users/santiserrano/Documents/GitHub/galeria-virual/galeria-virtual-backend/node_modules/express/lib/router/route.js:149:13)
    at Route.dispatch (/Users/santiserrano/Documents/GitHub/galeria-virual/galeria-virtual-backend/node_modules/express/lib/router/route.js:119:3)
    at Layer.handle [as handle_request] (/Users/santiserrano/Documents/GitHub/galeria-virual/galeria-virtual-backend/node_modules/express/lib/router/layer.js:95:5)
    at /Users/santiserrano/Documents/GitHub/galeria-virual/galeria-virtual-backend/node_modules/express/lib/router/index.js:284:15
    at Function.process_params (/Users/santiserrano/Documents/GitHub/galeria-virual/galeria-virtual-backend/node_modules/express/lib/router/index.js:346:12)
2025-05-12 14:09:53 error: Error al ejecutar consulta SQL: read EADDRNOTAVAIL
2025-05-12 14:09:53 error: Error al obtener obras: read EADDRNOTAVAIL
2025-05-12 14:09:53 error: Error 500: read EADDRNOTAVAIL
2025-05-12 14:09:53 error: Error: read EADDRNOTAVAIL
    at PromisePool.execute (/Users/santiserrano/Documents/GitHub/galeria-virual/galeria-virtual-backend/node_modules/mysql2/promise.js:359:22)
    at Object.query (/Users/santiserrano/Documents/GitHub/galeria-virual/galeria-virtual-backend/src/config/database.ts:43:31)
    at Object.obtenerObras (/Users/santiserrano/Documents/GitHub/galeria-virual/galeria-virtual-backend/src/services/obraService.ts:20:21)
    at getObras (/Users/santiserrano/Documents/GitHub/galeria-virual/galeria-virtual-backend/src/controllers/obraController.ts:11:37)
    at Layer.handle [as handle_request] (/Users/santiserrano/Documents/GitHub/galeria-virual/galeria-virtual-backend/node_modules/express/lib/router/layer.js:95:5)
    at next (/Users/santiserrano/Documents/GitHub/galeria-virual/galeria-virtual-backend/node_modules/express/lib/router/route.js:149:13)
    at Route.dispatch (/Users/santiserrano/Documents/GitHub/galeria-virual/galeria-virtual-backend/node_modules/express/lib/router/route.js:119:3)
    at Layer.handle [as handle_request] (/Users/santiserrano/Documents/GitHub/galeria-virual/galeria-virtual-backend/node_modules/express/lib/router/layer.js:95:5)
    at /Users/santiserrano/Documents/GitHub/galeria-virual/galeria-virtual-backend/node_modules/express/lib/router/index.js:284:15
    at Function.process_params (/Users/santiserrano/Documents/GitHub/galeria-virual/galeria-virtual-backend/node_modules/express/lib/router/index.js:346:12)
2025-05-12 18:20:54 info: Conexión a la base de datos establecida correctamente
2025-05-12 18:20:54 info: Servidor escuchando en el puerto 3000
2025-05-12 18:20:54 info: Ambiente: development
2025-05-12 18:20:54 info: URL del servidor: http://localhost:3000
2025-05-12 18:55:29 info: Conexión a la base de datos establecida correctamente
2025-05-12 18:55:29 info: Servidor escuchando en el puerto 3000
2025-05-12 18:55:29 info: Ambiente: development
2025-05-12 18:55:29 info: URL del servidor: http://localhost:3000
2025-05-13 10:21:08 info: Conexión a la base de datos establecida correctamente
2025-05-13 10:21:08 info: Servidor escuchando en el puerto 3000
2025-05-13 10:21:08 info: Ambiente: development
2025-05-13 10:21:08 info: URL del servidor: http://localhost:3000
2025-05-13 10:24:16 info: Conexión a la base de datos establecida correctamente
2025-05-13 10:24:16 info: Servidor escuchando en el puerto 3000
2025-05-13 10:24:16 info: Ambiente: development
2025-05-13 10:24:16 info: URL del servidor: http://localhost:3000
2025-05-13 10:24:50 info: Conexión a la base de datos establecida correctamente
2025-05-13 10:24:50 info: Servidor escuchando en el puerto 3000
2025-05-13 10:24:50 info: Ambiente: development
2025-05-13 10:24:50 info: URL del servidor: http://localhost:3000
2025-05-13 10:25:24 info: Conexión a la base de datos establecida correctamente
2025-05-13 10:25:24 info: Servidor escuchando en el puerto 3000
2025-05-13 10:25:24 info: Ambiente: development
2025-05-13 10:25:24 info: URL del servidor: http://localhost:3000
2025-05-13 10:27:09 info: Conexión a la base de datos establecida correctamente
2025-05-13 10:27:09 info: Servidor escuchando en el puerto 3000
2025-05-13 10:27:09 info: Ambiente: development
2025-05-13 10:27:09 info: URL del servidor: http://localhost:3000
2025-05-13 10:28:08 info: Conexión a la base de datos establecida correctamente
2025-05-13 10:28:08 info: Servidor escuchando en el puerto 3000
2025-05-13 10:28:08 info: Ambiente: development
2025-05-13 10:28:08 info: URL del servidor: http://localhost:3000
2025-05-13 10:28:15 info: Conexión a la base de datos establecida correctamente
2025-05-13 10:28:15 info: Servidor escuchando en el puerto 3000
2025-05-13 10:28:15 info: Ambiente: development
2025-05-13 10:28:15 info: URL del servidor: http://localhost:3000
2025-05-13 11:18:48 error: Error al ejecutar consulta SQL: read ETIMEDOUT
2025-05-13 11:18:48 error: Error al obtener obras: read ETIMEDOUT
2025-05-13 11:18:48 error: Error 500: read ETIMEDOUT
2025-05-13 11:18:48 error: Error: read ETIMEDOUT
    at PromisePool.execute (/Users/santiserrano/Documents/GitHub/galeria-virual/galeria-virtual-backend/node_modules/mysql2/promise.js:359:22)
    at Object.query (/Users/santiserrano/Documents/GitHub/galeria-virual/galeria-virtual-backend/src/config/database.ts:43:31)
    at Object.obtenerObras (/Users/santiserrano/Documents/GitHub/galeria-virual/galeria-virtual-backend/src/services/obraService.ts:122:21)
    at getObras (/Users/santiserrano/Documents/GitHub/galeria-virual/galeria-virtual-backend/src/controllers/obraController.ts:26:37)
    at Layer.handle [as handle_request] (/Users/santiserrano/Documents/GitHub/galeria-virual/galeria-virtual-backend/node_modules/express/lib/router/layer.js:95:5)
    at next (/Users/santiserrano/Documents/GitHub/galeria-virual/galeria-virtual-backend/node_modules/express/lib/router/route.js:149:13)
    at Route.dispatch (/Users/santiserrano/Documents/GitHub/galeria-virual/galeria-virtual-backend/node_modules/express/lib/router/route.js:119:3)
    at Layer.handle [as handle_request] (/Users/santiserrano/Documents/GitHub/galeria-virual/galeria-virtual-backend/node_modules/express/lib/router/layer.js:95:5)
    at /Users/santiserrano/Documents/GitHub/galeria-virual/galeria-virtual-backend/node_modules/express/lib/router/index.js:284:15
    at Function.process_params (/Users/santiserrano/Documents/GitHub/galeria-virual/galeria-virtual-backend/node_modules/express/lib/router/index.js:346:12)
2025-05-13 21:46:21 info: Conexión a la base de datos establecida correctamente
2025-05-13 21:46:21 info: Servidor escuchando en el puerto 3000
2025-05-13 21:46:21 info: Ambiente: development
2025-05-13 21:46:21 info: URL del servidor: http://localhost:3000
2025-05-13 22:02:40 info: Conexión a la base de datos establecida correctamente
2025-05-13 22:02:40 info: Servidor escuchando en el puerto 3000
2025-05-13 22:02:40 info: Ambiente: development
2025-05-13 22:02:40 info: URL del servidor: http://localhost:3000
2025-05-13 22:04:40 info: Conexión a la base de datos establecida correctamente
2025-05-13 22:04:40 info: Servidor escuchando en el puerto 3000
2025-05-13 22:04:40 info: Ambiente: development
2025-05-13 22:04:40 info: URL del servidor: http://localhost:3000
2025-05-13 22:09:17 info: Conexión a la base de datos establecida correctamente
2025-05-13 22:09:17 info: Servidor escuchando en el puerto 3000
2025-05-13 22:09:17 info: Ambiente: development
2025-05-13 22:09:17 info: URL del servidor: http://localhost:3000
2025-05-13 22:30:20 info: Conexión a la base de datos establecida correctamente
2025-05-13 22:30:20 info: Servidor escuchando en el puerto 3000
2025-05-13 22:30:20 info: Ambiente: development
2025-05-13 22:30:20 info: URL del servidor: http://localhost:3000
2025-05-13 23:22:21 error: Error al conectar a la base de datos: getaddrinfo ENOTFOUND database-2.c7uwe4okm9f3.us-east-2.rds.amazonaws.com getaddrinfo ENOTFOUND database-2.c7uwe4okm9f3.us-east-2.rds.amazonaws.com
2025-05-13 23:22:41 error: Error al conectar a la base de datos: getaddrinfo ENOTFOUND database-2.c7uwe4okm9f3.us-east-2.rds.amazonaws.com getaddrinfo ENOTFOUND database-2.c7uwe4okm9f3.us-east-2.rds.amazonaws.com
2025-05-13 23:23:04 error: Error al conectar a la base de datos: getaddrinfo ENOTFOUND database-2.c7uwe4okm9f3.us-east-2.rds.amazonaws.com getaddrinfo ENOTFOUND database-2.c7uwe4okm9f3.us-east-2.rds.amazonaws.com
2025-05-13 23:25:23 info: Conexión a la base de datos establecida correctamente
2025-05-13 23:25:23 info: Servidor escuchando en el puerto 3000
2025-05-13 23:25:23 info: Ambiente: development
2025-05-13 23:25:23 info: URL del servidor: http://localhost:3000
2025-05-13 23:39:15 info: Conexión a la base de datos establecida correctamente
2025-05-13 23:39:15 info: Servidor escuchando en el puerto 3000
2025-05-13 23:39:15 info: Ambiente: development
2025-05-13 23:39:15 info: URL del servidor: http://localhost:3000
2025-05-13 23:39:18 info: [DEBUG] Petición de actualización para obra ID: 16
2025-05-13 23:39:18 info: [DEBUG] Cabeceras de petición: {"host":"localhost:3000","connection":"keep-alive","content-length":"1295","sec-ch-ua-platform":"\"macOS\"","user-agent":"Mozilla/5.0 (Macintosh; Intel Mac OS X 10_15_7) AppleWebKit/537.36 (KHTML, like Gecko) Chrome/136.0.0.0 Safari/537.36","accept":"application/json, text/plain, */*","sec-ch-ua":"\"Chromium\";v=\"136\", \"Google Chrome\";v=\"136\", \"Not.A/Brand\";v=\"99\"","content-type":"multipart/form-data; boundary=----WebKitFormBoundaryCig72IvKBsnC5AoZ","sec-ch-ua-mobile":"?0","origin":"http://localhost:5173","sec-fetch-site":"same-site","sec-fetch-mode":"cors","sec-fetch-dest":"empty","referer":"http://localhost:5173/","accept-encoding":"gzip, deflate, br, zstd","accept-language":"en-US,en;q=0.9"}
2025-05-13 23:39:18 info: [DEBUG] Cuerpo de petición: {"title":"Campos de Iriszxx","artist_id":"1","category_id":"1","technique_id":"2","price":"15000.00","description":"Inspirado en la obra de Van Gogh, esta pieza explora los contrastes de color y la textura distintiva.","available":"1","featured":"1","year_created":"2020","dimensions":"120x80 cm","story":"Creada como un homenaje a los grandes impresionistas."}
2025-05-13 23:39:18 info: [DEBUG] Usuario autenticado: undefined
2025-05-13 23:39:18 warn: [DEBUG] Errores de validación: [{"msg":"El título es obligatorio","param":"titulo","location":"body"},{"msg":"ID de artista inválido","param":"id_artista","location":"body"},{"msg":"ID de categoría inválido","param":"id_categoria","location":"body"},{"msg":"ID de técnica inválido","param":"id_tecnica","location":"body"},{"msg":"El precio debe ser un número positivo","param":"precio","location":"body"},{"msg":"La descripción es obligatoria","param":"descripcion","location":"body"}]
2025-05-13 23:39:31 info: [DEBUG] Petición de actualización para obra ID: 16
2025-05-13 23:39:31 info: [DEBUG] Cabeceras de petición: {"host":"localhost:3000","connection":"keep-alive","content-length":"1294","sec-ch-ua-platform":"\"macOS\"","user-agent":"Mozilla/5.0 (Macintosh; Intel Mac OS X 10_15_7) AppleWebKit/537.36 (KHTML, like Gecko) Chrome/136.0.0.0 Safari/537.36","accept":"application/json, text/plain, */*","sec-ch-ua":"\"Chromium\";v=\"136\", \"Google Chrome\";v=\"136\", \"Not.A/Brand\";v=\"99\"","content-type":"multipart/form-data; boundary=----WebKitFormBoundaryeNYXvVS7L0dOAjUT","sec-ch-ua-mobile":"?0","origin":"http://localhost:5173","sec-fetch-site":"same-site","sec-fetch-mode":"cors","sec-fetch-dest":"empty","referer":"http://localhost:5173/","accept-encoding":"gzip, deflate, br, zstd","accept-language":"en-US,en;q=0.9"}
2025-05-13 23:39:31 info: [DEBUG] Cuerpo de petición: {"title":"Campos de Irisss","artist_id":"1","category_id":"1","technique_id":"2","price":"15000.00","description":"Inspirado en la obra de Van Gogh, esta pieza explora los contrastes de color y la textura distintiva.","available":"1","featured":"1","year_created":"2020","dimensions":"120x80 cm","story":"Creada como un homenaje a los grandes impresionistas."}
2025-05-13 23:39:31 info: [DEBUG] Usuario autenticado: undefined
2025-05-13 23:39:31 warn: [DEBUG] Errores de validación: [{"msg":"El título es obligatorio","param":"titulo","location":"body"},{"msg":"ID de artista inválido","param":"id_artista","location":"body"},{"msg":"ID de categoría inválido","param":"id_categoria","location":"body"},{"msg":"ID de técnica inválido","param":"id_tecnica","location":"body"},{"msg":"El precio debe ser un número positivo","param":"precio","location":"body"},{"msg":"La descripción es obligatoria","param":"descripcion","location":"body"}]
2025-05-13 23:42:48 info: [DEBUG] Petición de actualización para obra ID: 16
2025-05-13 23:42:48 info: [DEBUG] Cabeceras de petición: {"host":"localhost:3000","connection":"keep-alive","content-length":"1303","sec-ch-ua-platform":"\"macOS\"","user-agent":"Mozilla/5.0 (Macintosh; Intel Mac OS X 10_15_7) AppleWebKit/537.36 (KHTML, like Gecko) Chrome/136.0.0.0 Safari/537.36","accept":"application/json, text/plain, */*","sec-ch-ua":"\"Chromium\";v=\"136\", \"Google Chrome\";v=\"136\", \"Not.A/Brand\";v=\"99\"","content-type":"multipart/form-data; boundary=----WebKitFormBoundary8yD8xfmzpep7UPss","sec-ch-ua-mobile":"?0","origin":"http://localhost:5173","sec-fetch-site":"same-site","sec-fetch-mode":"cors","sec-fetch-dest":"empty","referer":"http://localhost:5173/","accept-encoding":"gzip, deflate, br, zstd","accept-language":"en-US,en;q=0.9"}
2025-05-13 23:42:48 info: [DEBUG] Cuerpo de petición: {"titulo":"Campos de Irisss","id_artista":"1","id_categoria":"1","id_tecnica":"2","precio":"15000.00","descripcion":"Inspirado en la obra de Van Gogh, esta pieza explora los contrastes de color y la textura distintiva.","disponible":"1","destacado":"1","anio_creacion":"2020","dimensiones":"120x80 cm","historia":"Creada como un homenaje a los grandes impresionistas."}
2025-05-13 23:42:48 info: [DEBUG] Usuario autenticado: undefined
2025-05-13 23:42:48 info: [DEBUG] Intentando actualizar obra con datos: {"titulo":"Campos de Irisss","id_artista":"1","id_categoria":"1","id_tecnica":"2","precio":"15000.00","descripcion":"Inspirado en la obra de Van Gogh, esta pieza explora los contrastes de color y la textura distintiva.","disponible":"1","destacado":"1","anio_creacion":"2020","dimensiones":"120x80 cm","historia":"Creada como un homenaje a los grandes impresionistas."}
2025-05-13 23:42:48 info: [DEBUG] Obra actualizada exitosamente: {"id":16,"titulo":"Campos de Irisss","id_artista":1,"id_categoria":1,"id_tecnica":2,"anio_creacion":2020,"dimensiones":"120x80 cm","precio":"15000.00","descripcion":"Inspirado en la obra de Van Gogh, esta pieza explora los contrastes de color y la textura distintiva.","historia":"Creada como un homenaje a los grandes impresionistas.","disponible":1,"destacado":1,"url_imagen_principal":"https://images.metmuseum.org/CRDImages/ep/original/DT1567.jpg","codigo_qr":"OBR1234ABC","visitas":18,"fecha_creacion":"2025-05-12T14:00:35.000Z","fecha_actualizacion":"2025-05-14T11:42:48.000Z","activo":1,"nombre_artista":"Gabriel","apellidos_artista":"Orozco","biografia_artista":"Artista contemporáneo reconocido por sus instalaciones y fotografías que exploran la belleza de lo cotidiano.","nombre_categoria":"Pintura","nombre_tecnica":"Acrílico","total_visitas":18,"imagenes":[]}
2025-05-13 23:43:08 info: [DEBUG] Petición de actualización para obra ID: 6
2025-05-13 23:43:08 info: [DEBUG] Cabeceras de petición: {"host":"localhost:3000","connection":"keep-alive","content-length":"1330","sec-ch-ua-platform":"\"macOS\"","user-agent":"Mozilla/5.0 (Macintosh; Intel Mac OS X 10_15_7) AppleWebKit/537.36 (KHTML, like Gecko) Chrome/136.0.0.0 Safari/537.36","accept":"application/json, text/plain, */*","sec-ch-ua":"\"Chromium\";v=\"136\", \"Google Chrome\";v=\"136\", \"Not.A/Brand\";v=\"99\"","content-type":"multipart/form-data; boundary=----WebKitFormBoundaryBKQl1bCKJqJWRpV0","sec-ch-ua-mobile":"?0","origin":"http://localhost:5173","sec-fetch-site":"same-site","sec-fetch-mode":"cors","sec-fetch-dest":"empty","referer":"http://localhost:5173/","accept-encoding":"gzip, deflate, br, zstd","accept-language":"en-US,en;q=0.9"}
2025-05-13 23:43:08 info: [DEBUG] Cuerpo de petición: {"titulo":"Mujer de Agua","id_artista":"6","id_categoria":"3","id_tecnica":"3","precio":"22000.00","descripcion":"Acuarela que representa una figura femenina etérea emergiendo de un entorno acuático.","disponible":"1","destacado":"1","anio_creacion":"2020","dimensiones":"100x70 cm","historia":"Inspirada en las leyendas mexicanas sobre espíritus del agua, como la Llorona y Chalchiuhtlicue."}
2025-05-13 23:43:08 info: [DEBUG] Usuario autenticado: undefined
2025-05-13 23:43:08 info: [DEBUG] Intentando actualizar obra con datos: {"titulo":"Mujer de Agua","id_artista":"6","id_categoria":"3","id_tecnica":"3","precio":"22000.00","descripcion":"Acuarela que representa una figura femenina etérea emergiendo de un entorno acuático.","disponible":"1","destacado":"1","anio_creacion":"2020","dimensiones":"100x70 cm","historia":"Inspirada en las leyendas mexicanas sobre espíritus del agua, como la Llorona y Chalchiuhtlicue."}
2025-05-13 23:43:08 info: [DEBUG] Obra actualizada exitosamente: {"id":6,"titulo":"Mujer de Agua","id_artista":6,"id_categoria":3,"id_tecnica":3,"anio_creacion":2020,"dimensiones":"100x70 cm","precio":"22000.00","descripcion":"Acuarela que representa una figura femenina etérea emergiendo de un entorno acuático.","historia":"Inspirada en las leyendas mexicanas sobre espíritus del agua, como la Llorona y Chalchiuhtlicue.","disponible":1,"destacado":1,"url_imagen_principal":"https://example.com/obras/mujer_agua.jpg","codigo_qr":"OBR6789FGH","visitas":4,"fecha_creacion":"2025-05-12T13:37:02.000Z","fecha_actualizacion":"2025-05-14T11:43:08.000Z","activo":1,"nombre_artista":"Leonora","apellidos_artista":"Carrington","biografia_artista":"Pintora surrealista y escritora que vivió gran parte de su vida en México, conocida por sus representaciones fantásticas.","nombre_categoria":"Litografías","nombre_tecnica":"Acuarela","total_visitas":4,"imagenes":[]}
