2025-05-11 21:21:15 error: Error al conectar a la base de datos: Access denied for user 'usuario_galeria'@'localhost' (using password: YES)
2025-05-11 21:22:39 error: Error al conectar a la base de datos: Unknown database 'galeria_virtual'
2025-05-11 21:24:29 error: Error al ejecutar procedimiento sp_obtener_detalle_obra: Cannot add or update a child row: a foreign key constraint fails (`galeria_virtual`.`visitas`, CONSTRAINT `visitas_ibfk_1` FOREIGN KEY (`id_obra`) REFERENCES `obras` (`id`))
2025-05-11 21:24:29 error: Error al obtener detalle de obra :id: Cannot add or update a child row: a foreign key constraint fails (`galeria_virtual`.`visitas`, CONSTRAINT `visitas_ibfk_1` FOREIGN KEY (`id_obra`) REFERENCES `obras` (`id`))
2025-05-11 21:24:29 error: Error 500: Cannot add or update a child row: a foreign key constraint fails (`galeria_virtual`.`visitas`, CONSTRAINT `visitas_ibfk_1` FOREIGN KEY (`id_obra`) REFERENCES `obras` (`id`))
2025-05-11 21:24:29 error: Error: Cannot add or update a child row: a foreign key constraint fails (`galeria_virtual`.`visitas`, CONSTRAINT `visitas_ibfk_1` FOREIGN KEY (`id_obra`) REFERENCES `obras` (`id`))
    at PromisePool.execute (/Users/santiserrano/Documents/GitHub/galeria-virual/galeria-virtual-backend/node_modules/mysql2/promise.js:359:22)
    at Object.procedure (/Users/santiserrano/Documents/GitHub/galeria-virual/galeria-virtual-backend/src/config/database.ts:53:31)
    at Object.obtenerDetalleObra (/Users/santiserrano/Documents/GitHub/galeria-virual/galeria-virtual-backend/src/services/obraService.ts:82:32)
    at getDetalleObra (/Users/santiserrano/Documents/GitHub/galeria-virual/galeria-virtual-backend/src/controllers/obraController.ts:70:36)
    at Layer.handle [as handle_request] (/Users/santiserrano/Documents/GitHub/galeria-virual/galeria-virtual-backend/node_modules/express/lib/router/layer.js:95:5)
    at next (/Users/santiserrano/Documents/GitHub/galeria-virual/galeria-virtual-backend/node_modules/express/lib/router/route.js:149:13)
    at Route.dispatch (/Users/santiserrano/Documents/GitHub/galeria-virual/galeria-virtual-backend/node_modules/express/lib/router/route.js:119:3)
    at Layer.handle [as handle_request] (/Users/santiserrano/Documents/GitHub/galeria-virual/galeria-virtual-backend/node_modules/express/lib/router/layer.js:95:5)
    at /Users/santiserrano/Documents/GitHub/galeria-virual/galeria-virtual-backend/node_modules/express/lib/router/index.js:284:15
    at param (/Users/santiserrano/Documents/GitHub/galeria-virual/galeria-virtual-backend/node_modules/express/lib/router/index.js:365:14)
2025-05-12 10:33:32 error: Error al conectar a la base de datos: Access denied for user ''@'localhost' (using password: NO) Access denied for user ''@'localhost' (using password: NO)
2025-05-12 10:34:49 error: Error al conectar a la base de datos: Access denied for user ''@'localhost' (using password: NO) Access denied for user ''@'localhost' (using password: NO)
2025-05-12 14:09:53 error: Error al ejecutar consulta SQL: read EADDRNOTAVAIL
2025-05-12 14:09:53 error: Error al obtener artistas: read EADDRNOTAVAIL
2025-05-12 14:09:53 error: Error 500: read EADDRNOTAVAIL
2025-05-12 14:09:53 error: Error: read EADDRNOTAVAIL
    at PromisePool.execute (/Users/santiserrano/Documents/GitHub/galeria-virual/galeria-virtual-backend/node_modules/mysql2/promise.js:359:22)
    at Object.query (/Users/santiserrano/Documents/GitHub/galeria-virual/galeria-virtual-backend/src/config/database.ts:43:31)
    at Object.getArtistas (/Users/santiserrano/Documents/GitHub/galeria-virual/galeria-virtual-backend/src/services/artistaService.ts:9:21)
    at getArtistas (/Users/santiserrano/Documents/GitHub/galeria-virual/galeria-virtual-backend/src/controllers/artistaController.ts:9:43)
    at Layer.handle [as handle_request] (/Users/santiserrano/Documents/GitHub/galeria-virual/galeria-virtual-backend/node_modules/express/lib/router/layer.js:95:5)
    at next (/Users/santiserrano/Documents/GitHub/galeria-virual/galeria-virtual-backend/node_modules/express/lib/router/route.js:149:13)
    at Route.dispatch (/Users/santiserrano/Documents/GitHub/galeria-virual/galeria-virtual-backend/node_modules/express/lib/router/route.js:119:3)
    at Layer.handle [as handle_request] (/Users/santiserrano/Documents/GitHub/galeria-virual/galeria-virtual-backend/node_modules/express/lib/router/layer.js:95:5)
    at /Users/santiserrano/Documents/GitHub/galeria-virual/galeria-virtual-backend/node_modules/express/lib/router/index.js:284:15
    at Function.process_params (/Users/santiserrano/Documents/GitHub/galeria-virual/galeria-virtual-backend/node_modules/express/lib/router/index.js:346:12)
2025-05-12 14:09:53 error: Error al ejecutar consulta SQL: read EADDRNOTAVAIL
2025-05-12 14:09:53 error: Error al obtener obras destacadas: read EADDRNOTAVAIL
2025-05-12 14:09:53 error: Error 500: read EADDRNOTAVAIL
2025-05-12 14:09:53 error: Error: read EADDRNOTAVAIL
    at PromisePool.execute (/Users/santiserrano/Documents/GitHub/galeria-virual/galeria-virtual-backend/node_modules/mysql2/promise.js:359:22)
    at Object.query (/Users/santiserrano/Documents/GitHub/galeria-virual/galeria-virtual-backend/src/config/database.ts:43:31)
    at Object.obtenerObrasDestacadas (/Users/santiserrano/Documents/GitHub/galeria-virual/galeria-virtual-backend/src/services/obraService.ts:42:21)
    at getObrasDestacadas (/Users/santiserrano/Documents/GitHub/galeria-virual/galeria-virtual-backend/src/controllers/obraController.ts:21:37)
    at Layer.handle [as handle_request] (/Users/santiserrano/Documents/GitHub/galeria-virual/galeria-virtual-backend/node_modules/express/lib/router/layer.js:95:5)
    at next (/Users/santiserrano/Documents/GitHub/galeria-virual/galeria-virtual-backend/node_modules/express/lib/router/route.js:149:13)
    at Route.dispatch (/Users/santiserrano/Documents/GitHub/galeria-virual/galeria-virtual-backend/node_modules/express/lib/router/route.js:119:3)
    at Layer.handle [as handle_request] (/Users/santiserrano/Documents/GitHub/galeria-virual/galeria-virtual-backend/node_modules/express/lib/router/layer.js:95:5)
    at /Users/santiserrano/Documents/GitHub/galeria-virual/galeria-virtual-backend/node_modules/express/lib/router/index.js:284:15
    at Function.process_params (/Users/santiserrano/Documents/GitHub/galeria-virual/galeria-virtual-backend/node_modules/express/lib/router/index.js:346:12)
2025-05-12 14:09:53 error: Error al ejecutar consulta SQL: read EADDRNOTAVAIL
2025-05-12 14:09:53 error: Error al obtener obras: read EADDRNOTAVAIL
2025-05-12 14:09:53 error: Error 500: read EADDRNOTAVAIL
2025-05-12 14:09:53 error: Error: read EADDRNOTAVAIL
    at PromisePool.execute (/Users/santiserrano/Documents/GitHub/galeria-virual/galeria-virtual-backend/node_modules/mysql2/promise.js:359:22)
    at Object.query (/Users/santiserrano/Documents/GitHub/galeria-virual/galeria-virtual-backend/src/config/database.ts:43:31)
    at Object.obtenerObras (/Users/santiserrano/Documents/GitHub/galeria-virual/galeria-virtual-backend/src/services/obraService.ts:20:21)
    at getObras (/Users/santiserrano/Documents/GitHub/galeria-virual/galeria-virtual-backend/src/controllers/obraController.ts:11:37)
    at Layer.handle [as handle_request] (/Users/santiserrano/Documents/GitHub/galeria-virual/galeria-virtual-backend/node_modules/express/lib/router/layer.js:95:5)
    at next (/Users/santiserrano/Documents/GitHub/galeria-virual/galeria-virtual-backend/node_modules/express/lib/router/route.js:149:13)
    at Route.dispatch (/Users/santiserrano/Documents/GitHub/galeria-virual/galeria-virtual-backend/node_modules/express/lib/router/route.js:119:3)
    at Layer.handle [as handle_request] (/Users/santiserrano/Documents/GitHub/galeria-virual/galeria-virtual-backend/node_modules/express/lib/router/layer.js:95:5)
    at /Users/santiserrano/Documents/GitHub/galeria-virual/galeria-virtual-backend/node_modules/express/lib/router/index.js:284:15
    at Function.process_params (/Users/santiserrano/Documents/GitHub/galeria-virual/galeria-virtual-backend/node_modules/express/lib/router/index.js:346:12)
2025-05-13 11:18:48 error: Error al ejecutar consulta SQL: read ETIMEDOUT
2025-05-13 11:18:48 error: Error al obtener obras: read ETIMEDOUT
2025-05-13 11:18:48 error: Error 500: read ETIMEDOUT
2025-05-13 11:18:48 error: Error: read ETIMEDOUT
    at PromisePool.execute (/Users/santiserrano/Documents/GitHub/galeria-virual/galeria-virtual-backend/node_modules/mysql2/promise.js:359:22)
    at Object.query (/Users/santiserrano/Documents/GitHub/galeria-virual/galeria-virtual-backend/src/config/database.ts:43:31)
    at Object.obtenerObras (/Users/santiserrano/Documents/GitHub/galeria-virual/galeria-virtual-backend/src/services/obraService.ts:122:21)
    at getObras (/Users/santiserrano/Documents/GitHub/galeria-virual/galeria-virtual-backend/src/controllers/obraController.ts:26:37)
    at Layer.handle [as handle_request] (/Users/santiserrano/Documents/GitHub/galeria-virual/galeria-virtual-backend/node_modules/express/lib/router/layer.js:95:5)
    at next (/Users/santiserrano/Documents/GitHub/galeria-virual/galeria-virtual-backend/node_modules/express/lib/router/route.js:149:13)
    at Route.dispatch (/Users/santiserrano/Documents/GitHub/galeria-virual/galeria-virtual-backend/node_modules/express/lib/router/route.js:119:3)
    at Layer.handle [as handle_request] (/Users/santiserrano/Documents/GitHub/galeria-virual/galeria-virtual-backend/node_modules/express/lib/router/layer.js:95:5)
    at /Users/santiserrano/Documents/GitHub/galeria-virual/galeria-virtual-backend/node_modules/express/lib/router/index.js:284:15
    at Function.process_params (/Users/santiserrano/Documents/GitHub/galeria-virual/galeria-virtual-backend/node_modules/express/lib/router/index.js:346:12)
2025-05-13 23:22:21 error: Error al conectar a la base de datos: getaddrinfo ENOTFOUND database-2.c7uwe4okm9f3.us-east-2.rds.amazonaws.com getaddrinfo ENOTFOUND database-2.c7uwe4okm9f3.us-east-2.rds.amazonaws.com
2025-05-13 23:22:41 error: Error al conectar a la base de datos: getaddrinfo ENOTFOUND database-2.c7uwe4okm9f3.us-east-2.rds.amazonaws.com getaddrinfo ENOTFOUND database-2.c7uwe4okm9f3.us-east-2.rds.amazonaws.com
2025-05-13 23:23:04 error: Error al conectar a la base de datos: getaddrinfo ENOTFOUND database-2.c7uwe4okm9f3.us-east-2.rds.amazonaws.com getaddrinfo ENOTFOUND database-2.c7uwe4okm9f3.us-east-2.rds.amazonaws.com
2025-05-14 23:09:19 error: Error al ejecutar consulta SQL: getaddrinfo ENOTFOUND database-2.c7uwe4okm9f3.us-east-2.rds.amazonaws.com
2025-05-14 23:09:19 error: Error al obtener obras destacadas: getaddrinfo ENOTFOUND database-2.c7uwe4okm9f3.us-east-2.rds.amazonaws.com
2025-05-14 23:09:19 error: Error: getaddrinfo ENOTFOUND database-2.c7uwe4okm9f3.us-east-2.rds.amazonaws.com
2025-05-14 23:09:19 error: Error: getaddrinfo ENOTFOUND database-2.c7uwe4okm9f3.us-east-2.rds.amazonaws.com
    at PromisePool.execute (/Users/santiserrano/Documents/GitHub/galeria-virual/galeria-virtual-backend/node_modules/mysql2/promise.js:359:22)
    at Object.query (/Users/santiserrano/Documents/GitHub/galeria-virual/galeria-virtual-backend/src/config/database.ts:43:31)
    at Object.obtenerObrasDestacadas (/Users/santiserrano/Documents/GitHub/galeria-virual/galeria-virtual-backend/src/services/obraService.ts:113:21)
    at getObrasDestacadas (/Users/santiserrano/Documents/GitHub/galeria-virual/galeria-virtual-backend/src/controllers/obraController.ts:37:37)
    at Layer.handle [as handle_request] (/Users/santiserrano/Documents/GitHub/galeria-virual/galeria-virtual-backend/node_modules/express/lib/router/layer.js:95:5)
    at next (/Users/santiserrano/Documents/GitHub/galeria-virual/galeria-virtual-backend/node_modules/express/lib/router/route.js:149:13)
    at Route.dispatch (/Users/santiserrano/Documents/GitHub/galeria-virual/galeria-virtual-backend/node_modules/express/lib/router/route.js:119:3)
    at Layer.handle [as handle_request] (/Users/santiserrano/Documents/GitHub/galeria-virual/galeria-virtual-backend/node_modules/express/lib/router/layer.js:95:5)
    at /Users/santiserrano/Documents/GitHub/galeria-virual/galeria-virtual-backend/node_modules/express/lib/router/index.js:284:15
    at Function.process_params (/Users/santiserrano/Documents/GitHub/galeria-virual/galeria-virtual-backend/node_modules/express/lib/router/index.js:346:12)
2025-05-14 23:09:19 error: Error al ejecutar consulta SQL: getaddrinfo ENOTFOUND database-2.c7uwe4okm9f3.us-east-2.rds.amazonaws.com
2025-05-14 23:09:19 error: Error al obtener artistas: getaddrinfo ENOTFOUND database-2.c7uwe4okm9f3.us-east-2.rds.amazonaws.com
2025-05-14 23:09:19 error: Error: getaddrinfo ENOTFOUND database-2.c7uwe4okm9f3.us-east-2.rds.amazonaws.com
2025-05-14 23:09:19 error: Error: getaddrinfo ENOTFOUND database-2.c7uwe4okm9f3.us-east-2.rds.amazonaws.com
    at PromisePool.execute (/Users/santiserrano/Documents/GitHub/galeria-virual/galeria-virtual-backend/node_modules/mysql2/promise.js:359:22)
    at Object.query (/Users/santiserrano/Documents/GitHub/galeria-virual/galeria-virtual-backend/src/config/database.ts:43:31)
    at Object.getArtistas (/Users/santiserrano/Documents/GitHub/galeria-virual/galeria-virtual-backend/src/services/artistaService.ts:9:21)
    at getArtistas (/Users/santiserrano/Documents/GitHub/galeria-virual/galeria-virtual-backend/src/controllers/artistaController.ts:12:43)
    at Layer.handle [as handle_request] (/Users/santiserrano/Documents/GitHub/galeria-virual/galeria-virtual-backend/node_modules/express/lib/router/layer.js:95:5)
    at next (/Users/santiserrano/Documents/GitHub/galeria-virual/galeria-virtual-backend/node_modules/express/lib/router/route.js:149:13)
    at Route.dispatch (/Users/santiserrano/Documents/GitHub/galeria-virual/galeria-virtual-backend/node_modules/express/lib/router/route.js:119:3)
    at Layer.handle [as handle_request] (/Users/santiserrano/Documents/GitHub/galeria-virual/galeria-virtual-backend/node_modules/express/lib/router/layer.js:95:5)
    at /Users/santiserrano/Documents/GitHub/galeria-virual/galeria-virtual-backend/node_modules/express/lib/router/index.js:284:15
    at Function.process_params (/Users/santiserrano/Documents/GitHub/galeria-virual/galeria-virtual-backend/node_modules/express/lib/router/index.js:346:12)
2025-05-14 23:09:19 error: Error al ejecutar consulta SQL: getaddrinfo ENOTFOUND database-2.c7uwe4okm9f3.us-east-2.rds.amazonaws.com
2025-05-14 23:09:19 error: Error al obtener categorías: getaddrinfo ENOTFOUND database-2.c7uwe4okm9f3.us-east-2.rds.amazonaws.com
2025-05-14 23:09:19 error: Error: getaddrinfo ENOTFOUND database-2.c7uwe4okm9f3.us-east-2.rds.amazonaws.com
2025-05-14 23:09:19 error: Error: getaddrinfo ENOTFOUND database-2.c7uwe4okm9f3.us-east-2.rds.amazonaws.com
    at PromisePool.execute (/Users/santiserrano/Documents/GitHub/galeria-virual/galeria-virtual-backend/node_modules/mysql2/promise.js:359:22)
    at Object.query (/Users/santiserrano/Documents/GitHub/galeria-virual/galeria-virtual-backend/src/config/database.ts:43:31)
    at Object.getCategorias (/Users/santiserrano/Documents/GitHub/galeria-virual/galeria-virtual-backend/src/services/categoriaService.ts:9:21)
    at getCategorias (/Users/santiserrano/Documents/GitHub/galeria-virual/galeria-virtual-backend/src/controllers/categoriaController.ts:9:47)
    at Layer.handle [as handle_request] (/Users/santiserrano/Documents/GitHub/galeria-virual/galeria-virtual-backend/node_modules/express/lib/router/layer.js:95:5)
    at next (/Users/santiserrano/Documents/GitHub/galeria-virual/galeria-virtual-backend/node_modules/express/lib/router/route.js:149:13)
    at Route.dispatch (/Users/santiserrano/Documents/GitHub/galeria-virual/galeria-virtual-backend/node_modules/express/lib/router/route.js:119:3)
    at Layer.handle [as handle_request] (/Users/santiserrano/Documents/GitHub/galeria-virual/galeria-virtual-backend/node_modules/express/lib/router/layer.js:95:5)
    at /Users/santiserrano/Documents/GitHub/galeria-virual/galeria-virtual-backend/node_modules/express/lib/router/index.js:284:15
    at Function.process_params (/Users/santiserrano/Documents/GitHub/galeria-virual/galeria-virtual-backend/node_modules/express/lib/router/index.js:346:12)
2025-05-14 23:09:20 error: Error al ejecutar consulta SQL: getaddrinfo ENOTFOUND database-2.c7uwe4okm9f3.us-east-2.rds.amazonaws.com
2025-05-14 23:09:20 error: Error al obtener categorías: getaddrinfo ENOTFOUND database-2.c7uwe4okm9f3.us-east-2.rds.amazonaws.com
2025-05-14 23:09:20 error: Error: getaddrinfo ENOTFOUND database-2.c7uwe4okm9f3.us-east-2.rds.amazonaws.com
2025-05-14 23:09:20 error: Error: getaddrinfo ENOTFOUND database-2.c7uwe4okm9f3.us-east-2.rds.amazonaws.com
    at PromisePool.execute (/Users/santiserrano/Documents/GitHub/galeria-virual/galeria-virtual-backend/node_modules/mysql2/promise.js:359:22)
    at Object.query (/Users/santiserrano/Documents/GitHub/galeria-virual/galeria-virtual-backend/src/config/database.ts:43:31)
    at Object.getCategorias (/Users/santiserrano/Documents/GitHub/galeria-virual/galeria-virtual-backend/src/services/categoriaService.ts:9:21)
    at getCategorias (/Users/santiserrano/Documents/GitHub/galeria-virual/galeria-virtual-backend/src/controllers/categoriaController.ts:9:47)
    at Layer.handle [as handle_request] (/Users/santiserrano/Documents/GitHub/galeria-virual/galeria-virtual-backend/node_modules/express/lib/router/layer.js:95:5)
    at next (/Users/santiserrano/Documents/GitHub/galeria-virual/galeria-virtual-backend/node_modules/express/lib/router/route.js:149:13)
    at Route.dispatch (/Users/santiserrano/Documents/GitHub/galeria-virual/galeria-virtual-backend/node_modules/express/lib/router/route.js:119:3)
    at Layer.handle [as handle_request] (/Users/santiserrano/Documents/GitHub/galeria-virual/galeria-virtual-backend/node_modules/express/lib/router/layer.js:95:5)
    at /Users/santiserrano/Documents/GitHub/galeria-virual/galeria-virtual-backend/node_modules/express/lib/router/index.js:284:15
    at Function.process_params (/Users/santiserrano/Documents/GitHub/galeria-virual/galeria-virtual-backend/node_modules/express/lib/router/index.js:346:12)
2025-05-14 23:09:20 error: Error al ejecutar consulta SQL: getaddrinfo ENOTFOUND database-2.c7uwe4okm9f3.us-east-2.rds.amazonaws.com
2025-05-14 23:09:20 error: Error al obtener obras destacadas: getaddrinfo ENOTFOUND database-2.c7uwe4okm9f3.us-east-2.rds.amazonaws.com
2025-05-14 23:09:20 error: Error: getaddrinfo ENOTFOUND database-2.c7uwe4okm9f3.us-east-2.rds.amazonaws.com
2025-05-14 23:09:20 error: Error: getaddrinfo ENOTFOUND database-2.c7uwe4okm9f3.us-east-2.rds.amazonaws.com
    at PromisePool.execute (/Users/santiserrano/Documents/GitHub/galeria-virual/galeria-virtual-backend/node_modules/mysql2/promise.js:359:22)
    at Object.query (/Users/santiserrano/Documents/GitHub/galeria-virual/galeria-virtual-backend/src/config/database.ts:43:31)
    at Object.obtenerObrasDestacadas (/Users/santiserrano/Documents/GitHub/galeria-virual/galeria-virtual-backend/src/services/obraService.ts:113:21)
    at getObrasDestacadas (/Users/santiserrano/Documents/GitHub/galeria-virual/galeria-virtual-backend/src/controllers/obraController.ts:37:37)
    at Layer.handle [as handle_request] (/Users/santiserrano/Documents/GitHub/galeria-virual/galeria-virtual-backend/node_modules/express/lib/router/layer.js:95:5)
    at next (/Users/santiserrano/Documents/GitHub/galeria-virual/galeria-virtual-backend/node_modules/express/lib/router/route.js:149:13)
    at Route.dispatch (/Users/santiserrano/Documents/GitHub/galeria-virual/galeria-virtual-backend/node_modules/express/lib/router/route.js:119:3)
    at Layer.handle [as handle_request] (/Users/santiserrano/Documents/GitHub/galeria-virual/galeria-virtual-backend/node_modules/express/lib/router/layer.js:95:5)
    at /Users/santiserrano/Documents/GitHub/galeria-virual/galeria-virtual-backend/node_modules/express/lib/router/index.js:284:15
    at Function.process_params (/Users/santiserrano/Documents/GitHub/galeria-virual/galeria-virtual-backend/node_modules/express/lib/router/index.js:346:12)
2025-05-14 23:09:20 error: Error al ejecutar consulta SQL: getaddrinfo ENOTFOUND database-2.c7uwe4okm9f3.us-east-2.rds.amazonaws.com
2025-05-14 23:09:20 error: Error al obtener artistas: getaddrinfo ENOTFOUND database-2.c7uwe4okm9f3.us-east-2.rds.amazonaws.com
2025-05-14 23:09:20 error: Error: getaddrinfo ENOTFOUND database-2.c7uwe4okm9f3.us-east-2.rds.amazonaws.com
2025-05-14 23:09:20 error: Error: getaddrinfo ENOTFOUND database-2.c7uwe4okm9f3.us-east-2.rds.amazonaws.com
    at PromisePool.execute (/Users/santiserrano/Documents/GitHub/galeria-virual/galeria-virtual-backend/node_modules/mysql2/promise.js:359:22)
    at Object.query (/Users/santiserrano/Documents/GitHub/galeria-virual/galeria-virtual-backend/src/config/database.ts:43:31)
    at Object.getArtistas (/Users/santiserrano/Documents/GitHub/galeria-virual/galeria-virtual-backend/src/services/artistaService.ts:9:21)
    at getArtistas (/Users/santiserrano/Documents/GitHub/galeria-virual/galeria-virtual-backend/src/controllers/artistaController.ts:12:43)
    at Layer.handle [as handle_request] (/Users/santiserrano/Documents/GitHub/galeria-virual/galeria-virtual-backend/node_modules/express/lib/router/layer.js:95:5)
    at next (/Users/santiserrano/Documents/GitHub/galeria-virual/galeria-virtual-backend/node_modules/express/lib/router/route.js:149:13)
    at Route.dispatch (/Users/santiserrano/Documents/GitHub/galeria-virual/galeria-virtual-backend/node_modules/express/lib/router/route.js:119:3)
    at Layer.handle [as handle_request] (/Users/santiserrano/Documents/GitHub/galeria-virual/galeria-virtual-backend/node_modules/express/lib/router/layer.js:95:5)
    at /Users/santiserrano/Documents/GitHub/galeria-virual/galeria-virtual-backend/node_modules/express/lib/router/index.js:284:15
    at Function.process_params (/Users/santiserrano/Documents/GitHub/galeria-virual/galeria-virtual-backend/node_modules/express/lib/router/index.js:346:12)
2025-05-14 23:09:23 error: Error al ejecutar consulta SQL: getaddrinfo ENOTFOUND database-2.c7uwe4okm9f3.us-east-2.rds.amazonaws.com
2025-05-14 23:09:23 error: Error al obtener artistas: getaddrinfo ENOTFOUND database-2.c7uwe4okm9f3.us-east-2.rds.amazonaws.com
2025-05-14 23:09:23 error: Error: getaddrinfo ENOTFOUND database-2.c7uwe4okm9f3.us-east-2.rds.amazonaws.com
2025-05-14 23:09:23 error: Error: getaddrinfo ENOTFOUND database-2.c7uwe4okm9f3.us-east-2.rds.amazonaws.com
    at PromisePool.execute (/Users/santiserrano/Documents/GitHub/galeria-virual/galeria-virtual-backend/node_modules/mysql2/promise.js:359:22)
    at Object.query (/Users/santiserrano/Documents/GitHub/galeria-virual/galeria-virtual-backend/src/config/database.ts:43:31)
    at Object.getArtistas (/Users/santiserrano/Documents/GitHub/galeria-virual/galeria-virtual-backend/src/services/artistaService.ts:9:21)
    at getArtistas (/Users/santiserrano/Documents/GitHub/galeria-virual/galeria-virtual-backend/src/controllers/artistaController.ts:12:43)
    at Layer.handle [as handle_request] (/Users/santiserrano/Documents/GitHub/galeria-virual/galeria-virtual-backend/node_modules/express/lib/router/layer.js:95:5)
    at next (/Users/santiserrano/Documents/GitHub/galeria-virual/galeria-virtual-backend/node_modules/express/lib/router/route.js:149:13)
    at Route.dispatch (/Users/santiserrano/Documents/GitHub/galeria-virual/galeria-virtual-backend/node_modules/express/lib/router/route.js:119:3)
    at Layer.handle [as handle_request] (/Users/santiserrano/Documents/GitHub/galeria-virual/galeria-virtual-backend/node_modules/express/lib/router/layer.js:95:5)
    at /Users/santiserrano/Documents/GitHub/galeria-virual/galeria-virtual-backend/node_modules/express/lib/router/index.js:284:15
    at Function.process_params (/Users/santiserrano/Documents/GitHub/galeria-virual/galeria-virtual-backend/node_modules/express/lib/router/index.js:346:12)
2025-05-14 23:09:23 error: Error al ejecutar consulta SQL: getaddrinfo ENOTFOUND database-2.c7uwe4okm9f3.us-east-2.rds.amazonaws.com
2025-05-14 23:09:23 error: Error al obtener técnicas: getaddrinfo ENOTFOUND database-2.c7uwe4okm9f3.us-east-2.rds.amazonaws.com
2025-05-14 23:09:23 error: Error: getaddrinfo ENOTFOUND database-2.c7uwe4okm9f3.us-east-2.rds.amazonaws.com
2025-05-14 23:09:23 error: Error: getaddrinfo ENOTFOUND database-2.c7uwe4okm9f3.us-east-2.rds.amazonaws.com
    at PromisePool.execute (/Users/santiserrano/Documents/GitHub/galeria-virual/galeria-virtual-backend/node_modules/mysql2/promise.js:359:22)
    at Object.query (/Users/santiserrano/Documents/GitHub/galeria-virual/galeria-virtual-backend/src/config/database.ts:43:31)
    at Object.getTecnicas (/Users/santiserrano/Documents/GitHub/galeria-virual/galeria-virtual-backend/src/services/tecnicaService.ts:9:21)
    at getTecnicas (/Users/santiserrano/Documents/GitHub/galeria-virual/galeria-virtual-backend/src/controllers/tecnicaController.ts:9:43)
    at Layer.handle [as handle_request] (/Users/santiserrano/Documents/GitHub/galeria-virual/galeria-virtual-backend/node_modules/express/lib/router/layer.js:95:5)
    at next (/Users/santiserrano/Documents/GitHub/galeria-virual/galeria-virtual-backend/node_modules/express/lib/router/route.js:149:13)
    at Route.dispatch (/Users/santiserrano/Documents/GitHub/galeria-virual/galeria-virtual-backend/node_modules/express/lib/router/route.js:119:3)
    at Layer.handle [as handle_request] (/Users/santiserrano/Documents/GitHub/galeria-virual/galeria-virtual-backend/node_modules/express/lib/router/layer.js:95:5)
    at /Users/santiserrano/Documents/GitHub/galeria-virual/galeria-virtual-backend/node_modules/express/lib/router/index.js:284:15
    at Function.process_params (/Users/santiserrano/Documents/GitHub/galeria-virual/galeria-virtual-backend/node_modules/express/lib/router/index.js:346:12)
2025-05-14 23:09:23 error: Error al ejecutar consulta SQL: getaddrinfo ENOTFOUND database-2.c7uwe4okm9f3.us-east-2.rds.amazonaws.com
2025-05-14 23:09:23 error: Error al obtener obras: getaddrinfo ENOTFOUND database-2.c7uwe4okm9f3.us-east-2.rds.amazonaws.com
2025-05-14 23:09:23 error: Error: getaddrinfo ENOTFOUND database-2.c7uwe4okm9f3.us-east-2.rds.amazonaws.com
2025-05-14 23:09:23 error: Error: getaddrinfo ENOTFOUND database-2.c7uwe4okm9f3.us-east-2.rds.amazonaws.com
    at PromisePool.execute (/Users/santiserrano/Documents/GitHub/galeria-virual/galeria-virtual-backend/node_modules/mysql2/promise.js:359:22)
    at Object.query (/Users/santiserrano/Documents/GitHub/galeria-virual/galeria-virtual-backend/src/config/database.ts:43:31)
    at Object.obtenerObras (/Users/santiserrano/Documents/GitHub/galeria-virual/galeria-virtual-backend/src/services/obraService.ts:92:21)
    at getObras (/Users/santiserrano/Documents/GitHub/galeria-virual/galeria-virtual-backend/src/controllers/obraController.ts:27:37)
    at Layer.handle [as handle_request] (/Users/santiserrano/Documents/GitHub/galeria-virual/galeria-virtual-backend/node_modules/express/lib/router/layer.js:95:5)
    at next (/Users/santiserrano/Documents/GitHub/galeria-virual/galeria-virtual-backend/node_modules/express/lib/router/route.js:149:13)
    at Route.dispatch (/Users/santiserrano/Documents/GitHub/galeria-virual/galeria-virtual-backend/node_modules/express/lib/router/route.js:119:3)
    at Layer.handle [as handle_request] (/Users/santiserrano/Documents/GitHub/galeria-virual/galeria-virtual-backend/node_modules/express/lib/router/layer.js:95:5)
    at /Users/santiserrano/Documents/GitHub/galeria-virual/galeria-virtual-backend/node_modules/express/lib/router/index.js:284:15
    at Function.process_params (/Users/santiserrano/Documents/GitHub/galeria-virual/galeria-virtual-backend/node_modules/express/lib/router/index.js:346:12)
2025-05-14 23:09:24 error: Error al ejecutar consulta SQL: getaddrinfo ENOTFOUND database-2.c7uwe4okm9f3.us-east-2.rds.amazonaws.com
2025-05-14 23:09:24 error: Error al obtener técnicas: getaddrinfo ENOTFOUND database-2.c7uwe4okm9f3.us-east-2.rds.amazonaws.com
2025-05-14 23:09:24 error: Error: getaddrinfo ENOTFOUND database-2.c7uwe4okm9f3.us-east-2.rds.amazonaws.com
2025-05-14 23:09:24 error: Error: getaddrinfo ENOTFOUND database-2.c7uwe4okm9f3.us-east-2.rds.amazonaws.com
    at PromisePool.execute (/Users/santiserrano/Documents/GitHub/galeria-virual/galeria-virtual-backend/node_modules/mysql2/promise.js:359:22)
    at Object.query (/Users/santiserrano/Documents/GitHub/galeria-virual/galeria-virtual-backend/src/config/database.ts:43:31)
    at Object.getTecnicas (/Users/santiserrano/Documents/GitHub/galeria-virual/galeria-virtual-backend/src/services/tecnicaService.ts:9:21)
    at getTecnicas (/Users/santiserrano/Documents/GitHub/galeria-virual/galeria-virtual-backend/src/controllers/tecnicaController.ts:9:43)
    at Layer.handle [as handle_request] (/Users/santiserrano/Documents/GitHub/galeria-virual/galeria-virtual-backend/node_modules/express/lib/router/layer.js:95:5)
    at next (/Users/santiserrano/Documents/GitHub/galeria-virual/galeria-virtual-backend/node_modules/express/lib/router/route.js:149:13)
    at Route.dispatch (/Users/santiserrano/Documents/GitHub/galeria-virual/galeria-virtual-backend/node_modules/express/lib/router/route.js:119:3)
    at Layer.handle [as handle_request] (/Users/santiserrano/Documents/GitHub/galeria-virual/galeria-virtual-backend/node_modules/express/lib/router/layer.js:95:5)
    at /Users/santiserrano/Documents/GitHub/galeria-virual/galeria-virtual-backend/node_modules/express/lib/router/index.js:284:15
    at Function.process_params (/Users/santiserrano/Documents/GitHub/galeria-virual/galeria-virtual-backend/node_modules/express/lib/router/index.js:346:12)
2025-05-14 23:09:24 error: Error al ejecutar consulta SQL: getaddrinfo ENOTFOUND database-2.c7uwe4okm9f3.us-east-2.rds.amazonaws.com
2025-05-14 23:09:24 error: Error al obtener obras: getaddrinfo ENOTFOUND database-2.c7uwe4okm9f3.us-east-2.rds.amazonaws.com
2025-05-14 23:09:24 error: Error: getaddrinfo ENOTFOUND database-2.c7uwe4okm9f3.us-east-2.rds.amazonaws.com
2025-05-14 23:09:24 error: Error: getaddrinfo ENOTFOUND database-2.c7uwe4okm9f3.us-east-2.rds.amazonaws.com
    at PromisePool.execute (/Users/santiserrano/Documents/GitHub/galeria-virual/galeria-virtual-backend/node_modules/mysql2/promise.js:359:22)
    at Object.query (/Users/santiserrano/Documents/GitHub/galeria-virual/galeria-virtual-backend/src/config/database.ts:43:31)
    at Object.obtenerObras (/Users/santiserrano/Documents/GitHub/galeria-virual/galeria-virtual-backend/src/services/obraService.ts:92:21)
    at getObras (/Users/santiserrano/Documents/GitHub/galeria-virual/galeria-virtual-backend/src/controllers/obraController.ts:27:37)
    at Layer.handle [as handle_request] (/Users/santiserrano/Documents/GitHub/galeria-virual/galeria-virtual-backend/node_modules/express/lib/router/layer.js:95:5)
    at next (/Users/santiserrano/Documents/GitHub/galeria-virual/galeria-virtual-backend/node_modules/express/lib/router/route.js:149:13)
    at Route.dispatch (/Users/santiserrano/Documents/GitHub/galeria-virual/galeria-virtual-backend/node_modules/express/lib/router/route.js:119:3)
    at Layer.handle [as handle_request] (/Users/santiserrano/Documents/GitHub/galeria-virual/galeria-virtual-backend/node_modules/express/lib/router/layer.js:95:5)
    at /Users/santiserrano/Documents/GitHub/galeria-virual/galeria-virtual-backend/node_modules/express/lib/router/index.js:284:15
    at Function.process_params (/Users/santiserrano/Documents/GitHub/galeria-virual/galeria-virtual-backend/node_modules/express/lib/router/index.js:346:12)
